find_header: checking for float.h... -------------------- yes

<<<<<<< HEAD
"xcrun clang -o conftest -I/Applications/Xcode.app/Contents/Developer/Platforms/MacOSX.platform/Developer/SDKs/MacOSX10.11.sdk/System/Library/Frameworks/Ruby.framework/Versions/2.0/usr/include/ruby-2.0.0/universal-darwin15 -I/Applications/Xcode.app/Contents/Developer/Platforms/MacOSX.platform/Developer/SDKs/MacOSX10.11.sdk/System/Library/Frameworks/Ruby.framework/Versions/2.0/usr/include/ruby-2.0.0/ruby/backward -I/Applications/Xcode.app/Contents/Developer/Platforms/MacOSX.platform/Developer/SDKs/MacOSX10.11.sdk/System/Library/Frameworks/Ruby.framework/Versions/2.0/usr/include/ruby-2.0.0 -I. -D_XOPEN_SOURCE -D_DARWIN_C_SOURCE -D_DARWIN_UNLIMITED_SELECT -D_REENTRANT    -g -Os -pipe -DHAVE_GCC_SYNC_BUILTINS conftest.c  -L. -L/System/Library/Frameworks/Ruby.framework/Versions/2.0/usr/lib -L. -L/usr/local/lib   -arch x86_64 -arch i386   -lruby.2.0.0  -lpthread -ldl -lobjc "
=======
"xcrun clang -o conftest -I/System/Library/Frameworks/Ruby.framework/Versions/2.0/usr/include/ruby-2.0.0/universal-darwin14 -I/System/Library/Frameworks/Ruby.framework/Versions/2.0/usr/include/ruby-2.0.0/ruby/backward -I/System/Library/Frameworks/Ruby.framework/Versions/2.0/usr/include/ruby-2.0.0 -I. -D_XOPEN_SOURCE -D_DARWIN_C_SOURCE -D_DARWIN_UNLIMITED_SELECT -D_REENTRANT    -g -Os -pipe -DHAVE_GCC_SYNC_BUILTINS conftest.c  -L. -L/System/Library/Frameworks/Ruby.framework/Versions/2.0/usr/lib -L. -L/usr/local/lib   -arch x86_64 -arch i386   -lruby.2.0.0  -lpthread -ldl -lobjc "
>>>>>>> local-commandt
checked program was:
/* begin */
1: #include "ruby.h"
2: 
3: int main(int argc, char **argv)
4: {
5:   return 0;
6: }
/* end */

<<<<<<< HEAD
"xcrun clang -I/Applications/Xcode.app/Contents/Developer/Platforms/MacOSX.platform/Developer/SDKs/MacOSX10.11.sdk/System/Library/Frameworks/Ruby.framework/Versions/2.0/usr/include/ruby-2.0.0/universal-darwin15 -I/Applications/Xcode.app/Contents/Developer/Platforms/MacOSX.platform/Developer/SDKs/MacOSX10.11.sdk/System/Library/Frameworks/Ruby.framework/Versions/2.0/usr/include/ruby-2.0.0/ruby/backward -I/Applications/Xcode.app/Contents/Developer/Platforms/MacOSX.platform/Developer/SDKs/MacOSX10.11.sdk/System/Library/Frameworks/Ruby.framework/Versions/2.0/usr/include/ruby-2.0.0 -I. -D_XOPEN_SOURCE -D_DARWIN_C_SOURCE -D_DARWIN_UNLIMITED_SELECT -D_REENTRANT    -g -Os -pipe -DHAVE_GCC_SYNC_BUILTINS  -arch x86_64 -arch i386  -c conftest.c"
=======
"xcrun clang -I/System/Library/Frameworks/Ruby.framework/Versions/2.0/usr/include/ruby-2.0.0/universal-darwin14 -I/System/Library/Frameworks/Ruby.framework/Versions/2.0/usr/include/ruby-2.0.0/ruby/backward -I/System/Library/Frameworks/Ruby.framework/Versions/2.0/usr/include/ruby-2.0.0 -I. -D_XOPEN_SOURCE -D_DARWIN_C_SOURCE -D_DARWIN_UNLIMITED_SELECT -D_REENTRANT    -g -Os -pipe -DHAVE_GCC_SYNC_BUILTINS  -arch x86_64 -arch i386  -c conftest.c"
>>>>>>> local-commandt
checked program was:
/* begin */
1: #include "ruby.h"
2: 
3: #include <float.h>
/* end */

--------------------

find_header: checking for ruby.h... -------------------- yes

<<<<<<< HEAD
"xcrun clang -I/Applications/Xcode.app/Contents/Developer/Platforms/MacOSX.platform/Developer/SDKs/MacOSX10.11.sdk/System/Library/Frameworks/Ruby.framework/Versions/2.0/usr/include/ruby-2.0.0/universal-darwin15 -I/Applications/Xcode.app/Contents/Developer/Platforms/MacOSX.platform/Developer/SDKs/MacOSX10.11.sdk/System/Library/Frameworks/Ruby.framework/Versions/2.0/usr/include/ruby-2.0.0/ruby/backward -I/Applications/Xcode.app/Contents/Developer/Platforms/MacOSX.platform/Developer/SDKs/MacOSX10.11.sdk/System/Library/Frameworks/Ruby.framework/Versions/2.0/usr/include/ruby-2.0.0 -I. -D_XOPEN_SOURCE -D_DARWIN_C_SOURCE -D_DARWIN_UNLIMITED_SELECT -D_REENTRANT    -g -Os -pipe -DHAVE_GCC_SYNC_BUILTINS  -arch x86_64 -arch i386  -c conftest.c"
=======
"xcrun clang -I/System/Library/Frameworks/Ruby.framework/Versions/2.0/usr/include/ruby-2.0.0/universal-darwin14 -I/System/Library/Frameworks/Ruby.framework/Versions/2.0/usr/include/ruby-2.0.0/ruby/backward -I/System/Library/Frameworks/Ruby.framework/Versions/2.0/usr/include/ruby-2.0.0 -I. -D_XOPEN_SOURCE -D_DARWIN_C_SOURCE -D_DARWIN_UNLIMITED_SELECT -D_REENTRANT    -g -Os -pipe -DHAVE_GCC_SYNC_BUILTINS  -arch x86_64 -arch i386  -c conftest.c"
>>>>>>> local-commandt
checked program was:
/* begin */
1: #include "ruby.h"
2: 
3: #include <ruby.h>
/* end */

--------------------

find_header: checking for stdlib.h... -------------------- yes

<<<<<<< HEAD
"xcrun clang -I/Applications/Xcode.app/Contents/Developer/Platforms/MacOSX.platform/Developer/SDKs/MacOSX10.11.sdk/System/Library/Frameworks/Ruby.framework/Versions/2.0/usr/include/ruby-2.0.0/universal-darwin15 -I/Applications/Xcode.app/Contents/Developer/Platforms/MacOSX.platform/Developer/SDKs/MacOSX10.11.sdk/System/Library/Frameworks/Ruby.framework/Versions/2.0/usr/include/ruby-2.0.0/ruby/backward -I/Applications/Xcode.app/Contents/Developer/Platforms/MacOSX.platform/Developer/SDKs/MacOSX10.11.sdk/System/Library/Frameworks/Ruby.framework/Versions/2.0/usr/include/ruby-2.0.0 -I. -D_XOPEN_SOURCE -D_DARWIN_C_SOURCE -D_DARWIN_UNLIMITED_SELECT -D_REENTRANT    -g -Os -pipe -DHAVE_GCC_SYNC_BUILTINS  -arch x86_64 -arch i386  -c conftest.c"
=======
"xcrun clang -I/System/Library/Frameworks/Ruby.framework/Versions/2.0/usr/include/ruby-2.0.0/universal-darwin14 -I/System/Library/Frameworks/Ruby.framework/Versions/2.0/usr/include/ruby-2.0.0/ruby/backward -I/System/Library/Frameworks/Ruby.framework/Versions/2.0/usr/include/ruby-2.0.0 -I. -D_XOPEN_SOURCE -D_DARWIN_C_SOURCE -D_DARWIN_UNLIMITED_SELECT -D_REENTRANT    -g -Os -pipe -DHAVE_GCC_SYNC_BUILTINS  -arch x86_64 -arch i386  -c conftest.c"
>>>>>>> local-commandt
checked program was:
/* begin */
1: #include "ruby.h"
2: 
3: #include <stdlib.h>
/* end */

--------------------

find_header: checking for string.h... -------------------- yes

<<<<<<< HEAD
"xcrun clang -I/Applications/Xcode.app/Contents/Developer/Platforms/MacOSX.platform/Developer/SDKs/MacOSX10.11.sdk/System/Library/Frameworks/Ruby.framework/Versions/2.0/usr/include/ruby-2.0.0/universal-darwin15 -I/Applications/Xcode.app/Contents/Developer/Platforms/MacOSX.platform/Developer/SDKs/MacOSX10.11.sdk/System/Library/Frameworks/Ruby.framework/Versions/2.0/usr/include/ruby-2.0.0/ruby/backward -I/Applications/Xcode.app/Contents/Developer/Platforms/MacOSX.platform/Developer/SDKs/MacOSX10.11.sdk/System/Library/Frameworks/Ruby.framework/Versions/2.0/usr/include/ruby-2.0.0 -I. -D_XOPEN_SOURCE -D_DARWIN_C_SOURCE -D_DARWIN_UNLIMITED_SELECT -D_REENTRANT    -g -Os -pipe -DHAVE_GCC_SYNC_BUILTINS  -arch x86_64 -arch i386  -c conftest.c"
=======
"xcrun clang -I/System/Library/Frameworks/Ruby.framework/Versions/2.0/usr/include/ruby-2.0.0/universal-darwin14 -I/System/Library/Frameworks/Ruby.framework/Versions/2.0/usr/include/ruby-2.0.0/ruby/backward -I/System/Library/Frameworks/Ruby.framework/Versions/2.0/usr/include/ruby-2.0.0 -I. -D_XOPEN_SOURCE -D_DARWIN_C_SOURCE -D_DARWIN_UNLIMITED_SELECT -D_REENTRANT    -g -Os -pipe -DHAVE_GCC_SYNC_BUILTINS  -arch x86_64 -arch i386  -c conftest.c"
>>>>>>> local-commandt
checked program was:
/* begin */
1: #include "ruby.h"
2: 
3: #include <string.h>
/* end */

--------------------

have_header: checking for fcntl.h... -------------------- yes

<<<<<<< HEAD
"xcrun clang -I/Applications/Xcode.app/Contents/Developer/Platforms/MacOSX.platform/Developer/SDKs/MacOSX10.11.sdk/System/Library/Frameworks/Ruby.framework/Versions/2.0/usr/include/ruby-2.0.0/universal-darwin15 -I/Applications/Xcode.app/Contents/Developer/Platforms/MacOSX.platform/Developer/SDKs/MacOSX10.11.sdk/System/Library/Frameworks/Ruby.framework/Versions/2.0/usr/include/ruby-2.0.0/ruby/backward -I/Applications/Xcode.app/Contents/Developer/Platforms/MacOSX.platform/Developer/SDKs/MacOSX10.11.sdk/System/Library/Frameworks/Ruby.framework/Versions/2.0/usr/include/ruby-2.0.0 -I. -D_XOPEN_SOURCE -D_DARWIN_C_SOURCE -D_DARWIN_UNLIMITED_SELECT -D_REENTRANT    -g -Os -pipe -DHAVE_GCC_SYNC_BUILTINS  -arch x86_64 -arch i386  -c conftest.c"
=======
"xcrun clang -I/System/Library/Frameworks/Ruby.framework/Versions/2.0/usr/include/ruby-2.0.0/universal-darwin14 -I/System/Library/Frameworks/Ruby.framework/Versions/2.0/usr/include/ruby-2.0.0/ruby/backward -I/System/Library/Frameworks/Ruby.framework/Versions/2.0/usr/include/ruby-2.0.0 -I. -D_XOPEN_SOURCE -D_DARWIN_C_SOURCE -D_DARWIN_UNLIMITED_SELECT -D_REENTRANT    -g -Os -pipe -DHAVE_GCC_SYNC_BUILTINS  -arch x86_64 -arch i386  -c conftest.c"
>>>>>>> local-commandt
checked program was:
/* begin */
1: #include "ruby.h"
2: 
3: #include <fcntl.h>
/* end */

--------------------

have_header: checking for stdint.h... -------------------- yes

<<<<<<< HEAD
"xcrun clang -I/Applications/Xcode.app/Contents/Developer/Platforms/MacOSX.platform/Developer/SDKs/MacOSX10.11.sdk/System/Library/Frameworks/Ruby.framework/Versions/2.0/usr/include/ruby-2.0.0/universal-darwin15 -I/Applications/Xcode.app/Contents/Developer/Platforms/MacOSX.platform/Developer/SDKs/MacOSX10.11.sdk/System/Library/Frameworks/Ruby.framework/Versions/2.0/usr/include/ruby-2.0.0/ruby/backward -I/Applications/Xcode.app/Contents/Developer/Platforms/MacOSX.platform/Developer/SDKs/MacOSX10.11.sdk/System/Library/Frameworks/Ruby.framework/Versions/2.0/usr/include/ruby-2.0.0 -I. -D_XOPEN_SOURCE -D_DARWIN_C_SOURCE -D_DARWIN_UNLIMITED_SELECT -D_REENTRANT    -g -Os -pipe -DHAVE_GCC_SYNC_BUILTINS  -arch x86_64 -arch i386  -c conftest.c"
=======
"xcrun clang -I/System/Library/Frameworks/Ruby.framework/Versions/2.0/usr/include/ruby-2.0.0/universal-darwin14 -I/System/Library/Frameworks/Ruby.framework/Versions/2.0/usr/include/ruby-2.0.0/ruby/backward -I/System/Library/Frameworks/Ruby.framework/Versions/2.0/usr/include/ruby-2.0.0 -I. -D_XOPEN_SOURCE -D_DARWIN_C_SOURCE -D_DARWIN_UNLIMITED_SELECT -D_REENTRANT    -g -Os -pipe -DHAVE_GCC_SYNC_BUILTINS  -arch x86_64 -arch i386  -c conftest.c"
>>>>>>> local-commandt
checked program was:
/* begin */
1: #include "ruby.h"
2: 
3: #include <stdint.h>
/* end */

--------------------

have_header: checking for sys/errno.h... -------------------- yes

<<<<<<< HEAD
"xcrun clang -I/Applications/Xcode.app/Contents/Developer/Platforms/MacOSX.platform/Developer/SDKs/MacOSX10.11.sdk/System/Library/Frameworks/Ruby.framework/Versions/2.0/usr/include/ruby-2.0.0/universal-darwin15 -I/Applications/Xcode.app/Contents/Developer/Platforms/MacOSX.platform/Developer/SDKs/MacOSX10.11.sdk/System/Library/Frameworks/Ruby.framework/Versions/2.0/usr/include/ruby-2.0.0/ruby/backward -I/Applications/Xcode.app/Contents/Developer/Platforms/MacOSX.platform/Developer/SDKs/MacOSX10.11.sdk/System/Library/Frameworks/Ruby.framework/Versions/2.0/usr/include/ruby-2.0.0 -I. -D_XOPEN_SOURCE -D_DARWIN_C_SOURCE -D_DARWIN_UNLIMITED_SELECT -D_REENTRANT    -g -Os -pipe -DHAVE_GCC_SYNC_BUILTINS  -arch x86_64 -arch i386  -c conftest.c"
=======
"xcrun clang -I/System/Library/Frameworks/Ruby.framework/Versions/2.0/usr/include/ruby-2.0.0/universal-darwin14 -I/System/Library/Frameworks/Ruby.framework/Versions/2.0/usr/include/ruby-2.0.0/ruby/backward -I/System/Library/Frameworks/Ruby.framework/Versions/2.0/usr/include/ruby-2.0.0 -I. -D_XOPEN_SOURCE -D_DARWIN_C_SOURCE -D_DARWIN_UNLIMITED_SELECT -D_REENTRANT    -g -Os -pipe -DHAVE_GCC_SYNC_BUILTINS  -arch x86_64 -arch i386  -c conftest.c"
>>>>>>> local-commandt
checked program was:
/* begin */
1: #include "ruby.h"
2: 
3: #include <sys/errno.h>
/* end */

--------------------

have_header: checking for sys/socket.h... -------------------- yes

<<<<<<< HEAD
"xcrun clang -I/Applications/Xcode.app/Contents/Developer/Platforms/MacOSX.platform/Developer/SDKs/MacOSX10.11.sdk/System/Library/Frameworks/Ruby.framework/Versions/2.0/usr/include/ruby-2.0.0/universal-darwin15 -I/Applications/Xcode.app/Contents/Developer/Platforms/MacOSX.platform/Developer/SDKs/MacOSX10.11.sdk/System/Library/Frameworks/Ruby.framework/Versions/2.0/usr/include/ruby-2.0.0/ruby/backward -I/Applications/Xcode.app/Contents/Developer/Platforms/MacOSX.platform/Developer/SDKs/MacOSX10.11.sdk/System/Library/Frameworks/Ruby.framework/Versions/2.0/usr/include/ruby-2.0.0 -I. -D_XOPEN_SOURCE -D_DARWIN_C_SOURCE -D_DARWIN_UNLIMITED_SELECT -D_REENTRANT    -g -Os -pipe -DHAVE_GCC_SYNC_BUILTINS  -arch x86_64 -arch i386  -c conftest.c"
=======
"xcrun clang -I/System/Library/Frameworks/Ruby.framework/Versions/2.0/usr/include/ruby-2.0.0/universal-darwin14 -I/System/Library/Frameworks/Ruby.framework/Versions/2.0/usr/include/ruby-2.0.0/ruby/backward -I/System/Library/Frameworks/Ruby.framework/Versions/2.0/usr/include/ruby-2.0.0 -I. -D_XOPEN_SOURCE -D_DARWIN_C_SOURCE -D_DARWIN_UNLIMITED_SELECT -D_REENTRANT    -g -Os -pipe -DHAVE_GCC_SYNC_BUILTINS  -arch x86_64 -arch i386  -c conftest.c"
>>>>>>> local-commandt
checked program was:
/* begin */
1: #include "ruby.h"
2: 
3: #include <sys/socket.h>
/* end */

--------------------

have_header: checking for ruby/st.h... -------------------- yes

<<<<<<< HEAD
"xcrun clang -I/Applications/Xcode.app/Contents/Developer/Platforms/MacOSX.platform/Developer/SDKs/MacOSX10.11.sdk/System/Library/Frameworks/Ruby.framework/Versions/2.0/usr/include/ruby-2.0.0/universal-darwin15 -I/Applications/Xcode.app/Contents/Developer/Platforms/MacOSX.platform/Developer/SDKs/MacOSX10.11.sdk/System/Library/Frameworks/Ruby.framework/Versions/2.0/usr/include/ruby-2.0.0/ruby/backward -I/Applications/Xcode.app/Contents/Developer/Platforms/MacOSX.platform/Developer/SDKs/MacOSX10.11.sdk/System/Library/Frameworks/Ruby.framework/Versions/2.0/usr/include/ruby-2.0.0 -I. -D_XOPEN_SOURCE -D_DARWIN_C_SOURCE -D_DARWIN_UNLIMITED_SELECT -D_REENTRANT    -g -Os -pipe -DHAVE_GCC_SYNC_BUILTINS  -arch x86_64 -arch i386  -c conftest.c"
=======
"xcrun clang -I/System/Library/Frameworks/Ruby.framework/Versions/2.0/usr/include/ruby-2.0.0/universal-darwin14 -I/System/Library/Frameworks/Ruby.framework/Versions/2.0/usr/include/ruby-2.0.0/ruby/backward -I/System/Library/Frameworks/Ruby.framework/Versions/2.0/usr/include/ruby-2.0.0 -I. -D_XOPEN_SOURCE -D_DARWIN_C_SOURCE -D_DARWIN_UNLIMITED_SELECT -D_REENTRANT    -g -Os -pipe -DHAVE_GCC_SYNC_BUILTINS  -arch x86_64 -arch i386  -c conftest.c"
>>>>>>> local-commandt
checked program was:
/* begin */
1: #include "ruby.h"
2: 
3: #include <ruby/st.h>
/* end */

--------------------

have_header: checking for st.h... -------------------- yes

<<<<<<< HEAD
"xcrun clang -I/Applications/Xcode.app/Contents/Developer/Platforms/MacOSX.platform/Developer/SDKs/MacOSX10.11.sdk/System/Library/Frameworks/Ruby.framework/Versions/2.0/usr/include/ruby-2.0.0/universal-darwin15 -I/Applications/Xcode.app/Contents/Developer/Platforms/MacOSX.platform/Developer/SDKs/MacOSX10.11.sdk/System/Library/Frameworks/Ruby.framework/Versions/2.0/usr/include/ruby-2.0.0/ruby/backward -I/Applications/Xcode.app/Contents/Developer/Platforms/MacOSX.platform/Developer/SDKs/MacOSX10.11.sdk/System/Library/Frameworks/Ruby.framework/Versions/2.0/usr/include/ruby-2.0.0 -I. -D_XOPEN_SOURCE -D_DARWIN_C_SOURCE -D_DARWIN_UNLIMITED_SELECT -D_REENTRANT    -g -Os -pipe -DHAVE_GCC_SYNC_BUILTINS  -arch x86_64 -arch i386  -c conftest.c"
=======
"xcrun clang -I/System/Library/Frameworks/Ruby.framework/Versions/2.0/usr/include/ruby-2.0.0/universal-darwin14 -I/System/Library/Frameworks/Ruby.framework/Versions/2.0/usr/include/ruby-2.0.0/ruby/backward -I/System/Library/Frameworks/Ruby.framework/Versions/2.0/usr/include/ruby-2.0.0 -I. -D_XOPEN_SOURCE -D_DARWIN_C_SOURCE -D_DARWIN_UNLIMITED_SELECT -D_REENTRANT    -g -Os -pipe -DHAVE_GCC_SYNC_BUILTINS  -arch x86_64 -arch i386  -c conftest.c"
>>>>>>> local-commandt
In file included from conftest.c:3:
/Applications/Xcode.app/Contents/Developer/Platforms/MacOSX.platform/Developer/SDKs/MacOSX10.11.sdk/System/Library/Frameworks/Ruby.framework/Versions/2.0/usr/include/ruby-2.0.0/ruby/backward/st.h:2:2: warning: use "ruby/st.h" instead of bare "st.h" [-W#warnings]
#warning use "ruby/st.h" instead of bare "st.h"
 ^
1 warning generated.
In file included from conftest.c:3:
/Applications/Xcode.app/Contents/Developer/Platforms/MacOSX.platform/Developer/SDKs/MacOSX10.11.sdk/System/Library/Frameworks/Ruby.framework/Versions/2.0/usr/include/ruby-2.0.0/ruby/backward/st.h:2:2: warning: use "ruby/st.h" instead of bare "st.h" [-W#warnings]
#warning use "ruby/st.h" instead of bare "st.h"
 ^
1 warning generated.
checked program was:
/* begin */
1: #include "ruby.h"
2: 
3: #include <st.h>
/* end */

--------------------

have_library: checking for pthread_create() in -lpthread... -------------------- yes

<<<<<<< HEAD
"xcrun clang -o conftest -I/Applications/Xcode.app/Contents/Developer/Platforms/MacOSX.platform/Developer/SDKs/MacOSX10.11.sdk/System/Library/Frameworks/Ruby.framework/Versions/2.0/usr/include/ruby-2.0.0/universal-darwin15 -I/Applications/Xcode.app/Contents/Developer/Platforms/MacOSX.platform/Developer/SDKs/MacOSX10.11.sdk/System/Library/Frameworks/Ruby.framework/Versions/2.0/usr/include/ruby-2.0.0/ruby/backward -I/Applications/Xcode.app/Contents/Developer/Platforms/MacOSX.platform/Developer/SDKs/MacOSX10.11.sdk/System/Library/Frameworks/Ruby.framework/Versions/2.0/usr/include/ruby-2.0.0 -I. -D_XOPEN_SOURCE -D_DARWIN_C_SOURCE -D_DARWIN_UNLIMITED_SELECT -D_REENTRANT    -g -Os -pipe -DHAVE_GCC_SYNC_BUILTINS conftest.c  -L. -L/System/Library/Frameworks/Ruby.framework/Versions/2.0/usr/lib -L. -L/usr/local/lib   -arch x86_64 -arch i386   -lruby.2.0.0 -lpthread  -lpthread -ldl -lobjc "
=======
"xcrun clang -o conftest -I/System/Library/Frameworks/Ruby.framework/Versions/2.0/usr/include/ruby-2.0.0/universal-darwin14 -I/System/Library/Frameworks/Ruby.framework/Versions/2.0/usr/include/ruby-2.0.0/ruby/backward -I/System/Library/Frameworks/Ruby.framework/Versions/2.0/usr/include/ruby-2.0.0 -I. -D_XOPEN_SOURCE -D_DARWIN_C_SOURCE -D_DARWIN_UNLIMITED_SELECT -D_REENTRANT    -g -Os -pipe -DHAVE_GCC_SYNC_BUILTINS conftest.c  -L. -L/System/Library/Frameworks/Ruby.framework/Versions/2.0/usr/lib -L. -L/usr/local/lib   -arch x86_64 -arch i386   -lruby.2.0.0 -lpthread  -lpthread -ldl -lobjc "
>>>>>>> local-commandt
conftest.c:5:57: error: use of undeclared identifier 'pthread_create'
int t(void) { void ((*volatile p)()); p = (void ((*)()))pthread_create; return 0; }
                                                        ^
1 error generated.
checked program was:
/* begin */
 1: #include "ruby.h"
 2: 
 3: /*top*/
 4: extern int t(void);
 5: int t(void) { void ((*volatile p)()); p = (void ((*)()))pthread_create; return 0; }
 6: int main(int argc, char **argv)
 7: {
 8:   if (argc > 1000000) {
 9:     printf("%p", &t);
10:   }
11: 
12:   return 0;
13: }
/* end */

<<<<<<< HEAD
"xcrun clang -o conftest -I/Applications/Xcode.app/Contents/Developer/Platforms/MacOSX.platform/Developer/SDKs/MacOSX10.11.sdk/System/Library/Frameworks/Ruby.framework/Versions/2.0/usr/include/ruby-2.0.0/universal-darwin15 -I/Applications/Xcode.app/Contents/Developer/Platforms/MacOSX.platform/Developer/SDKs/MacOSX10.11.sdk/System/Library/Frameworks/Ruby.framework/Versions/2.0/usr/include/ruby-2.0.0/ruby/backward -I/Applications/Xcode.app/Contents/Developer/Platforms/MacOSX.platform/Developer/SDKs/MacOSX10.11.sdk/System/Library/Frameworks/Ruby.framework/Versions/2.0/usr/include/ruby-2.0.0 -I. -D_XOPEN_SOURCE -D_DARWIN_C_SOURCE -D_DARWIN_UNLIMITED_SELECT -D_REENTRANT    -g -Os -pipe -DHAVE_GCC_SYNC_BUILTINS conftest.c  -L. -L/System/Library/Frameworks/Ruby.framework/Versions/2.0/usr/lib -L. -L/usr/local/lib   -arch x86_64 -arch i386   -lruby.2.0.0 -lpthread  -lpthread -ldl -lobjc "
=======
"xcrun clang -o conftest -I/System/Library/Frameworks/Ruby.framework/Versions/2.0/usr/include/ruby-2.0.0/universal-darwin14 -I/System/Library/Frameworks/Ruby.framework/Versions/2.0/usr/include/ruby-2.0.0/ruby/backward -I/System/Library/Frameworks/Ruby.framework/Versions/2.0/usr/include/ruby-2.0.0 -I. -D_XOPEN_SOURCE -D_DARWIN_C_SOURCE -D_DARWIN_UNLIMITED_SELECT -D_REENTRANT    -g -Os -pipe -DHAVE_GCC_SYNC_BUILTINS conftest.c  -L. -L/System/Library/Frameworks/Ruby.framework/Versions/2.0/usr/lib -L. -L/usr/local/lib   -arch x86_64 -arch i386   -lruby.2.0.0 -lpthread  -lpthread -ldl -lobjc "
>>>>>>> local-commandt
conftest.c:5:15: warning: implicit declaration of function 'pthread_create' is invalid in C99 [-Wimplicit-function-declaration]
int t(void) { pthread_create(); return 0; }
              ^
1 warning generated.
conftest.c:5:15: warning: implicit declaration of function 'pthread_create' is invalid in C99 [-Wimplicit-function-declaration]
int t(void) { pthread_create(); return 0; }
              ^
1 warning generated.
checked program was:
/* begin */
 1: #include "ruby.h"
 2: 
 3: /*top*/
 4: extern int t(void);
 5: int t(void) { pthread_create(); return 0; }
 6: int main(int argc, char **argv)
 7: {
 8:   if (argc > 1000000) {
 9:     printf("%p", &t);
10:   }
11: 
12:   return 0;
13: }
/* end */

--------------------

